<?xml version="1.0" encoding="UTF-8"?>
<!-- Generated by org.testng.reporters.JUnitXMLReporter -->
<testsuite hostname="DESKTOP-JMSN7NG" ignored="3" name="Default test(failed)" tests="1" failures="0" timestamp="2021-11-18T16:04:24 IST" time="24.99" errors="0">
  <testcase name="open_added_user" time="8.29" classname="com.OrangeHRM.TestCases.AdminTestCase"/>
  <testcase name="to_verify_add_user" time="0.0" classname="com.OrangeHRM.TestCases.AdminTestCase">
    <ignored/>
  </testcase> <!-- to_verify_add_user -->
  <testcase name="login_into_portal" time="0.0" classname="com.OrangeHRM.TestCases.AdminTestCase">
    <ignored/>
  </testcase> <!-- login_into_portal -->
  <testcase name="open_job" time="0.0" classname="com.OrangeHRM.TestCases.AdminTestCase">
    <ignored/>
  </testcase> <!-- open_job -->
</testsuite> <!-- Default test(failed) -->
